<?xml version="1.0" encoding="UTF-8"?>
<!-- Generated by org.testng.reporters.JUnitXMLReporter -->
<testsuite ignored="0" hostname="Anayra" failures="1" tests="11" name="Free CRM Application Test Cases" time="87.34" errors="0" timestamp="2024-03-04T14:39:29 EST">
  <testcase classname="com.qa.tests.LoginPageTest" name="LoginpageTitleTest" time="0.019"/>
  <testcase classname="com.qa.tests.LoginPageTest" name="FreeCRMLogoImageTest" time="0.081"/>
  <testcase classname="com.qa.tests.LoginPageTest" name="loginTest" time="7.5"/>
  <testcase classname="com.qa.tests.HomePageTest" name="VerifyHomePageTitleTest" time="0.008"/>
  <testcase classname="com.qa.tests.HomePageTest" name="FreeCRMLogoTest" time="0.983"/>
  <testcase classname="com.qa.tests.HomePageTest" name="VerifyCorrectUserNameTest" time="1.139"/>
  <testcase classname="com.qa.tests.HomePageTest" name="DisplayAllSideBarLinks" time="1.5"/>
  <testcase classname="com.qa.tests.HomePageTest" name="VerifyContactsLinkTest" time="0.946"/>
  <testcase classname="com.qa.tests.ContactsPageTest" name="verifyContactsLabelTest" time="0.035"/>
  <testcase classname="com.qa.tests.ContactsPageTest" name="verifyCreateContactsbuttonTest" time="0.049"/>
  <testcase classname="com.qa.tests.ContactsPageTest" name="validateCreateNewContactTest" time="0.0">
    <failure type="java.lang.RuntimeException" message="java.lang.NullPointerException: Cannot invoke &amp;quot;org.apache.poi.ss.usermodel.Row.getLastCellNum()&amp;quot; because the return value of &amp;quot;org.apache.poi.ss.usermodel.Sheet.getRow(int)&amp;quot; is null">
      <![CDATA[java.lang.RuntimeException: java.lang.NullPointerException: Cannot invoke "org.apache.poi.ss.usermodel.Row.getLastCellNum()" because the return value of "org.apache.poi.ss.usermodel.Sheet.getRow(int)" is null
at java.base/java.util.ArrayList.forEach(ArrayList.java:1511)
Caused by: java.lang.NullPointerException: Cannot invoke "org.apache.poi.ss.usermodel.Row.getLastCellNum()" because the return value of "org.apache.poi.ss.usermodel.Sheet.getRow(int)" is null
at com.qa.util.TestUtil.getTestData(TestUtil.java:45)
at com.qa.tests.ContactsPageTest.getCRMTestData(ContactsPageTest.java:49)
... 25 more
... Removed 32 stack frames]]>
    </failure>
  </testcase> <!-- validateCreateNewContactTest -->
</testsuite> <!-- Free CRM Application Test Cases -->
