<?xml version="1.0" encoding="UTF-8"?>
<testng-results ignored="0" total="11" passed="10" failed="1" skipped="0">
  <reporter-output>
  </reporter-output>
  <suite started-at="2024-03-04T14:38:02 EST" name="FreeCRMApplicationTestSuite" finished-at="2024-03-04T14:39:29 EST" duration-ms="87340">
    <groups>
    </groups>
    <test started-at="2024-03-04T14:38:02 EST" name="Free CRM Application Test Cases" finished-at="2024-03-04T14:39:29 EST" duration-ms="87340">
      <class name="com.qa.tests.HomePageTest">
        <test-method is-config="true" signature="Setup()[pri:0, instance:com.qa.tests.HomePageTest@81d9a72]" started-at="2024-03-04T14:38:19 EST" name="Setup" finished-at="2024-03-04T14:38:28 EST" duration-ms="8212" status="PASS">
          <reporter-output>
          </reporter-output>
        </test-method> <!-- Setup -->
        <test-method signature="VerifyHomePageTitleTest()[pri:1, instance:com.qa.tests.HomePageTest@81d9a72]" started-at="2024-03-04T14:38:28 EST" name="VerifyHomePageTitleTest" finished-at="2024-03-04T14:38:28 EST" duration-ms="8" status="PASS">
          <reporter-output>
          </reporter-output>
        </test-method> <!-- VerifyHomePageTitleTest -->
        <test-method is-config="true" signature="CloseBrowser()[pri:0, instance:com.qa.tests.HomePageTest@81d9a72]" started-at="2024-03-04T14:38:28 EST" name="CloseBrowser" finished-at="2024-03-04T14:38:28 EST" duration-ms="206" status="PASS">
          <reporter-output>
          </reporter-output>
        </test-method> <!-- CloseBrowser -->
        <test-method is-config="true" signature="Setup()[pri:0, instance:com.qa.tests.HomePageTest@81d9a72]" started-at="2024-03-04T14:38:28 EST" name="Setup" finished-at="2024-03-04T14:38:37 EST" duration-ms="8948" status="PASS">
          <reporter-output>
          </reporter-output>
        </test-method> <!-- Setup -->
        <test-method signature="FreeCRMLogoTest()[pri:2, instance:com.qa.tests.HomePageTest@81d9a72]" started-at="2024-03-04T14:38:37 EST" name="FreeCRMLogoTest" finished-at="2024-03-04T14:38:38 EST" duration-ms="983" status="PASS">
          <reporter-output>
          </reporter-output>
        </test-method> <!-- FreeCRMLogoTest -->
        <test-method is-config="true" signature="CloseBrowser()[pri:0, instance:com.qa.tests.HomePageTest@81d9a72]" started-at="2024-03-04T14:38:38 EST" name="CloseBrowser" finished-at="2024-03-04T14:38:38 EST" duration-ms="433" status="PASS">
          <reporter-output>
          </reporter-output>
        </test-method> <!-- CloseBrowser -->
        <test-method is-config="true" signature="Setup()[pri:0, instance:com.qa.tests.HomePageTest@81d9a72]" started-at="2024-03-04T14:38:38 EST" name="Setup" finished-at="2024-03-04T14:38:47 EST" duration-ms="8676" status="PASS">
          <reporter-output>
          </reporter-output>
        </test-method> <!-- Setup -->
        <test-method signature="VerifyCorrectUserNameTest()[pri:3, instance:com.qa.tests.HomePageTest@81d9a72]" started-at="2024-03-04T14:38:47 EST" name="VerifyCorrectUserNameTest" finished-at="2024-03-04T14:38:48 EST" duration-ms="1139" status="PASS">
          <reporter-output>
          </reporter-output>
        </test-method> <!-- VerifyCorrectUserNameTest -->
        <test-method is-config="true" signature="CloseBrowser()[pri:0, instance:com.qa.tests.HomePageTest@81d9a72]" started-at="2024-03-04T14:38:48 EST" name="CloseBrowser" finished-at="2024-03-04T14:38:49 EST" duration-ms="850" status="PASS">
          <reporter-output>
          </reporter-output>
        </test-method> <!-- CloseBrowser -->
        <test-method is-config="true" signature="Setup()[pri:0, instance:com.qa.tests.HomePageTest@81d9a72]" started-at="2024-03-04T14:38:49 EST" name="Setup" finished-at="2024-03-04T14:38:58 EST" duration-ms="8753" status="PASS">
          <reporter-output>
          </reporter-output>
        </test-method> <!-- Setup -->
        <test-method signature="DisplayAllSideBarLinks()[pri:4, instance:com.qa.tests.HomePageTest@81d9a72]" started-at="2024-03-04T14:38:58 EST" name="DisplayAllSideBarLinks" finished-at="2024-03-04T14:38:59 EST" duration-ms="1500" status="PASS">
          <reporter-output>
          </reporter-output>
        </test-method> <!-- DisplayAllSideBarLinks -->
        <test-method is-config="true" signature="CloseBrowser()[pri:0, instance:com.qa.tests.HomePageTest@81d9a72]" started-at="2024-03-04T14:38:59 EST" name="CloseBrowser" finished-at="2024-03-04T14:39:00 EST" duration-ms="450" status="PASS">
          <reporter-output>
          </reporter-output>
        </test-method> <!-- CloseBrowser -->
        <test-method is-config="true" signature="Setup()[pri:0, instance:com.qa.tests.HomePageTest@81d9a72]" started-at="2024-03-04T14:39:00 EST" name="Setup" finished-at="2024-03-04T14:39:08 EST" duration-ms="8273" status="PASS">
          <reporter-output>
          </reporter-output>
        </test-method> <!-- Setup -->
        <test-method signature="VerifyContactsLinkTest()[pri:5, instance:com.qa.tests.HomePageTest@81d9a72]" started-at="2024-03-04T14:39:08 EST" name="VerifyContactsLinkTest" finished-at="2024-03-04T14:39:09 EST" duration-ms="946" status="PASS">
          <reporter-output>
          </reporter-output>
        </test-method> <!-- VerifyContactsLinkTest -->
        <test-method is-config="true" signature="CloseBrowser()[pri:0, instance:com.qa.tests.HomePageTest@81d9a72]" started-at="2024-03-04T14:39:09 EST" name="CloseBrowser" finished-at="2024-03-04T14:39:09 EST" duration-ms="264" status="PASS">
          <reporter-output>
          </reporter-output>
        </test-method> <!-- CloseBrowser -->
      </class> <!-- com.qa.tests.HomePageTest -->
      <class name="com.qa.tests.ContactsPageTest">
        <test-method is-config="true" signature="Setup()[pri:0, instance:com.qa.tests.ContactsPageTest@747f281]" started-at="2024-03-04T14:39:09 EST" name="Setup" finished-at="2024-03-04T14:39:19 EST" duration-ms="9539" status="PASS">
          <reporter-output>
          </reporter-output>
        </test-method> <!-- Setup -->
        <test-method signature="verifyContactsLabelTest()[pri:1, instance:com.qa.tests.ContactsPageTest@747f281]" started-at="2024-03-04T14:39:19 EST" name="verifyContactsLabelTest" finished-at="2024-03-04T14:39:19 EST" duration-ms="35" status="PASS">
          <reporter-output>
          </reporter-output>
        </test-method> <!-- verifyContactsLabelTest -->
        <test-method is-config="true" signature="CloseBrowser()[pri:0, instance:com.qa.tests.ContactsPageTest@747f281]" started-at="2024-03-04T14:39:19 EST" name="CloseBrowser" finished-at="2024-03-04T14:39:19 EST" duration-ms="256" status="PASS">
          <reporter-output>
          </reporter-output>
        </test-method> <!-- CloseBrowser -->
        <test-method is-config="true" signature="Setup()[pri:0, instance:com.qa.tests.ContactsPageTest@747f281]" started-at="2024-03-04T14:39:19 EST" name="Setup" finished-at="2024-03-04T14:39:28 EST" duration-ms="9375" status="PASS">
          <reporter-output>
          </reporter-output>
        </test-method> <!-- Setup -->
        <test-method signature="verifyCreateContactsbuttonTest()[pri:2, instance:com.qa.tests.ContactsPageTest@747f281]" started-at="2024-03-04T14:39:28 EST" name="verifyCreateContactsbuttonTest" finished-at="2024-03-04T14:39:28 EST" duration-ms="49" status="PASS">
          <reporter-output>
          </reporter-output>
        </test-method> <!-- verifyCreateContactsbuttonTest -->
        <test-method is-config="true" signature="CloseBrowser()[pri:0, instance:com.qa.tests.ContactsPageTest@747f281]" started-at="2024-03-04T14:39:28 EST" name="CloseBrowser" finished-at="2024-03-04T14:39:29 EST" duration-ms="209" status="PASS">
          <reporter-output>
          </reporter-output>
        </test-method> <!-- CloseBrowser -->
        <test-method signature="validateCreateNewContactTest(java.lang.String,java.lang.String,java.lang.String)[pri:3, instance:com.qa.tests.ContactsPageTest@747f281]" started-at="2024-03-04T14:39:29 EST" name="validateCreateNewContactTest" data-provider="getCRMTestData" finished-at="2024-03-04T14:39:29 EST" duration-ms="0" status="FAIL">
          <exception class="java.lang.RuntimeException">
            <message>
              <![CDATA[java.lang.NullPointerException: Cannot invoke "org.apache.poi.ss.usermodel.Row.getLastCellNum()" because the return value of "org.apache.poi.ss.usermodel.Sheet.getRow(int)" is null]]>
            </message>
            <full-stacktrace>
              <![CDATA[java.lang.RuntimeException: java.lang.NullPointerException: Cannot invoke "org.apache.poi.ss.usermodel.Row.getLastCellNum()" because the return value of "org.apache.poi.ss.usermodel.Sheet.getRow(int)" is null
at org.testng.internal.invokers.MethodInvocationHelper.invokeMethodNoCheckedException(MethodInvocationHelper.java:57)
at org.testng.internal.invokers.MethodInvocationHelper.invokeDataProvider(MethodInvocationHelper.java:157)
at org.testng.internal.Parameters.handleParameters(Parameters.java:812)
at org.testng.internal.Parameters.handleParameters(Parameters.java:737)
at org.testng.internal.invokers.ParameterHandler.handleParameters(ParameterHandler.java:72)
at org.testng.internal.invokers.ParameterHandler.createParameters(ParameterHandler.java:51)
at org.testng.internal.invokers.TestInvoker$MethodInvocationAgent.invoke(TestInvoker.java:915)
at org.testng.internal.invokers.TestInvoker.invokeTestMethods(TestInvoker.java:201)
at org.testng.internal.invokers.TestMethodWorker.invokeTestMethods(TestMethodWorker.java:148)
at org.testng.internal.invokers.TestMethodWorker.run(TestMethodWorker.java:128)
at java.base/java.util.ArrayList.forEach(ArrayList.java:1511)
at org.testng.TestRunner.privateRun(TestRunner.java:819)
at org.testng.TestRunner.run(TestRunner.java:619)
at org.testng.SuiteRunner.runTest(SuiteRunner.java:443)
at org.testng.SuiteRunner.runSequentially(SuiteRunner.java:437)
at org.testng.SuiteRunner.privateRun(SuiteRunner.java:397)
at org.testng.SuiteRunner.run(SuiteRunner.java:336)
at org.testng.SuiteRunnerWorker.runSuite(SuiteRunnerWorker.java:52)
at org.testng.SuiteRunnerWorker.run(SuiteRunnerWorker.java:95)
at org.testng.TestNG.runSuitesSequentially(TestNG.java:1301)
at org.testng.TestNG.runSuitesLocally(TestNG.java:1228)
at org.testng.TestNG.runSuites(TestNG.java:1134)
at org.testng.TestNG.run(TestNG.java:1101)
at org.testng.remote.AbstractRemoteTestNG.run(AbstractRemoteTestNG.java:115)
at org.testng.remote.RemoteTestNG.initAndRun(RemoteTestNG.java:251)
at org.testng.remote.RemoteTestNG.main(RemoteTestNG.java:77)
Caused by: java.lang.NullPointerException: Cannot invoke "org.apache.poi.ss.usermodel.Row.getLastCellNum()" because the return value of "org.apache.poi.ss.usermodel.Sheet.getRow(int)" is null
at com.qa.util.TestUtil.getTestData(TestUtil.java:45)
at com.qa.tests.ContactsPageTest.getCRMTestData(ContactsPageTest.java:49)
at java.base/jdk.internal.reflect.NativeMethodAccessorImpl.invoke0(Native Method)
at java.base/jdk.internal.reflect.NativeMethodAccessorImpl.invoke(NativeMethodAccessorImpl.java:77)
at java.base/jdk.internal.reflect.DelegatingMethodAccessorImpl.invoke(DelegatingMethodAccessorImpl.java:43)
at java.base/java.lang.reflect.Method.invoke(Method.java:568)
at org.testng.internal.invokers.MethodInvocationHelper.invokeMethod(MethodInvocationHelper.java:139)
at org.testng.internal.invokers.MethodInvocationHelper.invokeMethod(MethodInvocationHelper.java:84)
at org.testng.internal.invokers.MethodInvocationHelper.invokeMethodNoCheckedException(MethodInvocationHelper.java:53)
... 25 more
]]>
            </full-stacktrace>
          </exception> <!-- java.lang.RuntimeException -->
          <reporter-output>
          </reporter-output>
        </test-method> <!-- validateCreateNewContactTest -->
      </class> <!-- com.qa.tests.ContactsPageTest -->
      <class name="com.qa.tests.LoginPageTest">
        <test-method is-config="true" signature="Setup()[pri:0, instance:com.qa.tests.LoginPageTest@18f8cd79]" started-at="2024-03-04T14:38:02 EST" name="Setup" finished-at="2024-03-04T14:38:07 EST" duration-ms="4847" status="PASS">
          <reporter-output>
          </reporter-output>
        </test-method> <!-- Setup -->
        <test-method signature="LoginpageTitleTest()[pri:1, instance:com.qa.tests.LoginPageTest@18f8cd79]" started-at="2024-03-04T14:38:07 EST" name="LoginpageTitleTest" finished-at="2024-03-04T14:38:07 EST" duration-ms="19" status="PASS">
          <reporter-output>
          </reporter-output>
        </test-method> <!-- LoginpageTitleTest -->
        <test-method is-config="true" signature="CloseBrowser()[pri:0, instance:com.qa.tests.LoginPageTest@18f8cd79]" started-at="2024-03-04T14:38:07 EST" name="CloseBrowser" finished-at="2024-03-04T14:38:07 EST" duration-ms="205" status="PASS">
          <reporter-output>
          </reporter-output>
        </test-method> <!-- CloseBrowser -->
        <test-method is-config="true" signature="Setup()[pri:0, instance:com.qa.tests.LoginPageTest@18f8cd79]" started-at="2024-03-04T14:38:07 EST" name="Setup" finished-at="2024-03-04T14:38:10 EST" duration-ms="3255" status="PASS">
          <reporter-output>
          </reporter-output>
        </test-method> <!-- Setup -->
        <test-method signature="FreeCRMLogoImageTest()[pri:2, instance:com.qa.tests.LoginPageTest@18f8cd79]" started-at="2024-03-04T14:38:10 EST" name="FreeCRMLogoImageTest" finished-at="2024-03-04T14:38:10 EST" duration-ms="81" status="PASS">
          <reporter-output>
          </reporter-output>
        </test-method> <!-- FreeCRMLogoImageTest -->
        <test-method is-config="true" signature="CloseBrowser()[pri:0, instance:com.qa.tests.LoginPageTest@18f8cd79]" started-at="2024-03-04T14:38:10 EST" name="CloseBrowser" finished-at="2024-03-04T14:38:10 EST" duration-ms="193" status="PASS">
          <reporter-output>
          </reporter-output>
        </test-method> <!-- CloseBrowser -->
        <test-method is-config="true" signature="Setup()[pri:0, instance:com.qa.tests.LoginPageTest@18f8cd79]" started-at="2024-03-04T14:38:10 EST" name="Setup" finished-at="2024-03-04T14:38:12 EST" duration-ms="1155" status="PASS">
          <reporter-output>
          </reporter-output>
        </test-method> <!-- Setup -->
        <test-method signature="loginTest()[pri:3, instance:com.qa.tests.LoginPageTest@18f8cd79]" started-at="2024-03-04T14:38:12 EST" name="loginTest" finished-at="2024-03-04T14:38:19 EST" duration-ms="7500" status="PASS">
          <reporter-output>
          </reporter-output>
        </test-method> <!-- loginTest -->
        <test-method is-config="true" signature="CloseBrowser()[pri:0, instance:com.qa.tests.LoginPageTest@18f8cd79]" started-at="2024-03-04T14:38:19 EST" name="CloseBrowser" finished-at="2024-03-04T14:38:19 EST" duration-ms="332" status="PASS">
          <reporter-output>
          </reporter-output>
        </test-method> <!-- CloseBrowser -->
      </class> <!-- com.qa.tests.LoginPageTest -->
    </test> <!-- Free CRM Application Test Cases -->
  </suite> <!-- FreeCRMApplicationTestSuite -->
</testng-results>
